2024-06-22 11:58:41,964 DEBUG :: Starting new HTTPS connection (1): testnet.binancefuture.com:443
2024-06-22 11:58:42,806 DEBUG :: https://testnet.binancefuture.com:443 "GET /fapi/v1/exchangeInfo HTTP/1.1" 200 None
2024-06-22 11:58:42,811 DEBUG :: Starting new HTTPS connection (1): testnet.binancefuture.com:443
2024-06-22 11:58:43,244 DEBUG :: https://testnet.binancefuture.com:443 "GET /fapi/v1/account?timestamp=1719068322811&signature=90f7701483cdf2f7d0b51c0a355c8f747e69952bd764fcd864316e3f86b0b556 HTTP/1.1" 400 87
2024-06-22 11:58:43,245 ERROR :: Error while making GET request to /fapi/v1/account: {'code': -5000, 'msg': 'GET /fapi/v1/account is retired, please use GET /fapi/v2/account'} (error code 400)
2024-06-22 11:58:43,245 INFO :: Binance Futures Client successfully initialized
2024-06-22 11:58:43,246 DEBUG :: Starting new HTTPS connection (1): testnet.bitmex.com:443
2024-06-22 11:58:43,916 DEBUG :: https://testnet.bitmex.com:443 "GET /api/v1/instrument/active HTTP/1.1" 200 None
2024-06-22 11:58:44,234 DEBUG :: Starting new HTTPS connection (1): testnet.bitmex.com:443
2024-06-22 11:58:44,681 INFO :: Binance connection opened
2024-06-22 11:58:44,682 INFO :: Binance: subscribing to: btcusdt@bookTicker
2024-06-22 11:58:44,825 DEBUG :: https://testnet.bitmex.com:443 "GET /api/v1/user/margin?currency=all HTTP/1.1" 200 None
2024-06-22 11:58:44,827 INFO :: Bitmex Client successfully initialized
2024-06-22 11:58:45,947 INFO :: Bitmex connection opened
2024-06-22 11:59:40,372 DEBUG :: Starting new HTTPS connection (1): testnet.binancefuture.com:443
2024-06-22 11:59:41,104 DEBUG :: https://testnet.binancefuture.com:443 "GET /fapi/v1/exchangeInfo HTTP/1.1" 200 None
2024-06-22 11:59:41,120 DEBUG :: Starting new HTTPS connection (1): testnet.binancefuture.com:443
2024-06-22 11:59:41,516 DEBUG :: https://testnet.binancefuture.com:443 "GET /fapi/v1/account?timestamp=1719068381119&signature=7ed90f7aa269ebe226ddcf4f4e93a7eda029e2b6526499a4a7f09bd2fffc7e56 HTTP/1.1" 400 87
2024-06-22 11:59:41,517 ERROR :: Error while making GET request to /fapi/v1/account: {'code': -5000, 'msg': 'GET /fapi/v1/account is retired, please use GET /fapi/v2/account'} (error code 400)
2024-06-22 11:59:41,518 INFO :: Binance Futures Client successfully initialized
2024-06-22 11:59:41,518 DEBUG :: Starting new HTTPS connection (1): testnet.bitmex.com:443
2024-06-22 11:59:42,809 DEBUG :: https://testnet.bitmex.com:443 "GET /api/v1/instrument/active HTTP/1.1" 200 None
2024-06-22 11:59:42,845 INFO :: Binance connection opened
2024-06-22 11:59:42,845 INFO :: Binance: subscribing to: btcusdt@bookTicker
2024-06-22 11:59:43,466 DEBUG :: Starting new HTTPS connection (1): testnet.bitmex.com:443
2024-06-22 11:59:44,041 DEBUG :: https://testnet.bitmex.com:443 "GET /api/v1/user/margin?currency=all HTTP/1.1" 200 None
2024-06-22 11:59:44,046 INFO :: Bitmex Client successfully initialized
2024-06-22 11:59:45,285 INFO :: Bitmex connection opened
2024-06-22 11:59:49,214 ERROR :: error from callback <bound method BinanceClient._on_close of <connectors.binance.BinanceClient object at 0x7a856dba3a30>>: BinanceClient._on_close() takes 2 positional arguments but 4 were given
2024-06-22 11:59:49,214 ERROR :: Binance connection error: BinanceClient._on_close() takes 2 positional arguments but 4 were given
2024-06-22 11:59:49,441 ERROR :: error from callback <bound method BitmexClient._on_close of <connectors.bitmex.BitmexClient object at 0x7a856dba3970>>: BitmexClient._on_close() takes 2 positional arguments but 4 were given
2024-06-22 11:59:49,441 ERROR :: Bitmex connection error: BitmexClient._on_close() takes 2 positional arguments but 4 were given
